info: /api/movies/getMoviesByKey?key=b {"timestamp":"2022-01-24T00:25:06.176Z"}
info: /api/movies/getMoviesByKey?key=br {"timestamp":"2022-01-24T00:25:06.618Z"}
info: /api/movies/getMoviesByKey?key=bri {"timestamp":"2022-01-24T00:25:07.496Z"}
info: /api/movies/getMoviesByKey?key=b {"timestamp":"2022-01-24T00:26:48.354Z"}
info: /api/movies/getMoviesByKey?key=bi {"timestamp":"2022-01-24T00:26:49.598Z"}
info: /api/movies/getMoviesByKey?key=bir {"timestamp":"2022-01-24T00:26:50.163Z"}
info: /api/movies/getMoviesByKey?key=b {"timestamp":"2022-01-24T00:43:50.988Z"}
info: /api/movies/getMoviesByKey?key=br {"timestamp":"2022-01-24T00:43:51.132Z"}
info: /api/movies/getMoviesByKey?key=bri {"timestamp":"2022-01-24T00:43:51.347Z"}
info: /api/movies/getMoviesByKey?key=b&plot=short {"timestamp":"2022-01-24T00:47:56.029Z"}
info: /api/movies/getMoviesByKey?key=br&plot=short {"timestamp":"2022-01-24T00:47:56.476Z"}
info: /api/movies/getMoviesByKey?key=bri&plot=short {"timestamp":"2022-01-24T00:47:56.730Z"}
info: /api/movies/getMoviesByKey?key=br&plot=short {"timestamp":"2022-01-24T00:48:09.089Z"}
info: /api/movies/getMoviesByKey?key=b&plot=short {"timestamp":"2022-01-24T00:48:09.268Z"}
info: /api/movies/getMoviesByKey?key=&plot=short {"timestamp":"2022-01-24T00:48:09.443Z"}
info: /api/movies/getMoviesByKey?key=b&plot=short {"timestamp":"2022-01-24T00:48:10.337Z"}
info: /api/movies/getMoviesByKey?key=br&plot=short {"timestamp":"2022-01-24T00:48:10.743Z"}
info: /api/movies/getMoviesByKey?key=bri&plot=short {"timestamp":"2022-01-24T00:48:11.929Z"}
info: /api/movies/getMoviesByKey?key=br&plot=short {"timestamp":"2022-01-24T00:48:58.770Z"}
info: /api/movies/getMoviesByKey?key=b&plot=short {"timestamp":"2022-01-24T00:48:58.823Z"}
info: /api/movies/getMoviesByKey?key=br&plot=short {"timestamp":"2022-01-24T00:49:00.065Z"}
info: /api/movies/getMoviesByKey?key=bri&plot=short {"timestamp":"2022-01-24T00:49:00.371Z"}
info: /api/movies/getMoviesByKey?key=brig&plot=short {"timestamp":"2022-01-24T00:49:24.128Z"}
info: /api/movies/getMoviesByKey?key=b&plot=short {"timestamp":"2022-01-24T00:51:22.210Z"}
info: /api/movies/getMoviesByKey?key=br&plot=short {"timestamp":"2022-01-24T00:51:34.897Z"}
info: /api/movies/getMoviesByKey?key=b&plot=short {"timestamp":"2022-01-24T00:56:23.030Z"}
info: /api/movies/getMoviesByKey?key=b&plot=full {"timestamp":"2022-01-24T00:57:37.727Z"}
info: /api/movies/getMoviesByKey?key=br&plot=full {"timestamp":"2022-01-24T00:57:45.479Z"}
info: /api/movies/getMoviesByKey?key=bri&plot=full {"timestamp":"2022-01-24T00:57:46.399Z"}
info: /api/movies/getMoviesByKey?key=br&plot=full {"timestamp":"2022-01-24T00:58:45.483Z"}
info: /api/movies/getMoviesByKey?key=bri&plot=full {"timestamp":"2022-01-24T00:59:00.740Z"}
info: /api/movies/getMoviesByKey?key=br&plot=full {"timestamp":"2022-01-24T00:59:55.545Z"}
info: /api/movies/getMoviesByKey?key=bri&plot=full {"timestamp":"2022-01-24T00:59:57.116Z"}
info: /api/movies/getMoviesByKey?key=b&plot=short {"timestamp":"2022-01-24T01:00:18.943Z"}
info: http://www.omdbapi.com/?s=b&plot=short&apiKey=6c3a2d45 {"timestamp":"2022-01-24T01:00:18.946Z"}
info: /api/movies/getMoviesByKey?key=br&plot=short {"timestamp":"2022-01-24T01:00:19.149Z"}
info: http://www.omdbapi.com/?s=br&plot=short&apiKey=6c3a2d45 {"timestamp":"2022-01-24T01:00:19.150Z"}
info: /api/movies/getMoviesByKey?key=bri&plot=short {"timestamp":"2022-01-24T01:00:19.386Z"}
info: http://www.omdbapi.com/?s=bri&plot=short&apiKey=6c3a2d45 {"timestamp":"2022-01-24T01:00:19.387Z"}
