info: /api/movies/getMoviesByKey?key= {"timestamp":"2022-01-23T22:18:03.016Z"}
info: /api/movies/getMoviesByKey?key= {"timestamp":"2022-01-23T22:20:55.521Z"}
info: /api/movies/getMoviesByKey?key= {"timestamp":"2022-01-23T22:21:12.783Z"}
info: /api/movies/getMoviesByKey?key=b {"timestamp":"2022-01-23T22:23:54.962Z"}
info: /api/movies/getMoviesByKey?key=br {"timestamp":"2022-01-23T22:24:04.372Z"}
info: /api/movies/getMoviesByKey?key=bri {"timestamp":"2022-01-23T22:24:09.787Z"}
info: /api/movies/getMoviesByKey?key=s {"timestamp":"2022-01-23T22:33:06.718Z"}
info: /api/movies/getMoviesByKey?key=b {"timestamp":"2022-01-23T22:33:21.608Z"}
info: /api/movies/getMoviesByKey?key=br {"timestamp":"2022-01-23T22:33:21.850Z"}
info: /api/movies/getMoviesByKey?key=bri {"timestamp":"2022-01-23T22:33:22.197Z"}
info: /api/movies/getMoviesByKey?key=brid {"timestamp":"2022-01-23T22:33:22.563Z"}
info: /api/movies/getMoviesByKey?key=bridg {"timestamp":"2022-01-23T22:33:39.613Z"}
info: /api/movies/getMoviesByKey?key=bridge {"timestamp":"2022-01-23T22:33:39.921Z"}
info: /api/movies/getMoviesByKey?key=b {"timestamp":"2022-01-23T22:45:18.520Z"}
info: /api/movies/getMoviesByKey?key=br {"timestamp":"2022-01-23T22:45:19.072Z"}
info: /api/movies/getMoviesByKey?key=bri {"timestamp":"2022-01-23T22:45:19.736Z"}
info: /api/movies/getMoviesByKey?key=brid {"timestamp":"2022-01-23T22:45:20.165Z"}
info: /api/movies/getMoviesByKey?key=bridg {"timestamp":"2022-01-23T22:45:20.567Z"}
info: /api/movies/getMoviesByKey?key=bridge {"timestamp":"2022-01-23T22:45:20.732Z"}
info: /api/movies/getMoviesByKey?key=b {"timestamp":"2022-01-23T22:45:51.822Z"}
info: /api/movies/getMoviesByKey?key=br {"timestamp":"2022-01-23T22:45:53.060Z"}
info: /api/movies/getMoviesByKey?key=brr {"timestamp":"2022-01-23T22:45:56.815Z"}
info: /api/movies/getMoviesByKey?key=b {"timestamp":"2022-01-23T22:46:28.570Z"}
info: /api/movies/getMoviesByKey?key=br {"timestamp":"2022-01-23T22:46:28.803Z"}
info: /api/movies/getMoviesByKey?key=bri {"timestamp":"2022-01-23T22:46:29.691Z"}
info: /api/movies/getMoviesByKey?key=brid {"timestamp":"2022-01-23T23:02:51.044Z"}
info: /api/movies/getMoviesByKey?key=b {"timestamp":"2022-01-23T23:03:04.385Z"}
info: /api/movies/getMoviesByKey?key=br {"timestamp":"2022-01-23T23:03:04.897Z"}
info: /api/movies/getMoviesByKey?key=bri {"timestamp":"2022-01-23T23:03:05.560Z"}
info: /api/movies/getMoviesByKey?key=brid {"timestamp":"2022-01-23T23:03:28.032Z"}
info: /api/movies/getMoviesByKey?key=bri {"timestamp":"2022-01-23T23:03:31.344Z"}
info: /api/movies/getMoviesByKey?key=b {"timestamp":"2022-01-23T23:07:05.079Z"}
info: /api/movies/getMoviesByKey?key=br {"timestamp":"2022-01-23T23:07:13.861Z"}
info: /api/movies/getMoviesByKey?key=bri {"timestamp":"2022-01-23T23:07:14.241Z"}
info: /api/movies/getMoviesByKey?key=brid {"timestamp":"2022-01-23T23:07:15.168Z"}
info: /api/movies/getMoviesByKey?key=bridg {"timestamp":"2022-01-23T23:07:16.222Z"}
info: /api/movies/getMoviesByKey?key=bridge {"timestamp":"2022-01-23T23:07:16.416Z"}
info: /api/movies/getMoviesByKey?key=bridg {"timestamp":"2022-01-23T23:08:10.483Z"}
info: /api/movies/getMoviesByKey?key=brid {"timestamp":"2022-01-23T23:08:10.912Z"}
info: /api/movies/getMoviesByKey?key=bridg {"timestamp":"2022-01-23T23:08:28.770Z"}
info: /api/movies/getMoviesByKey?key=bridge {"timestamp":"2022-01-23T23:08:29.382Z"}
info: /api/movies/getMoviesByKey?key=b {"timestamp":"2022-01-23T23:20:51.631Z"}
info: /api/movies/getMoviesByKey?key=br {"timestamp":"2022-01-23T23:20:51.916Z"}
info: /api/movies/getMoviesByKey?key=bri {"timestamp":"2022-01-23T23:20:52.731Z"}
info: /api/movies/getMoviesByKey?key=b {"timestamp":"2022-01-23T23:21:30.051Z"}
info: /api/movies/getMoviesByKey?key=br {"timestamp":"2022-01-23T23:21:30.231Z"}
info: /api/movies/getMoviesByKey?key=bri {"timestamp":"2022-01-23T23:21:31.087Z"}
info: /api/movies/getMoviesByKey?key=brid {"timestamp":"2022-01-23T23:21:31.508Z"}
info: /api/movies/getMoviesByKey?key=bri%20squared {"timestamp":"2022-01-23T23:21:33.877Z"}
info: /api/movies/getMoviesByKey?key=bri%20square {"timestamp":"2022-01-23T23:21:39.973Z"}
info: /api/movies/getMoviesByKey?key=bri%20squar {"timestamp":"2022-01-23T23:21:40.238Z"}
info: /api/movies/getMoviesByKey?key=bri%20squa {"timestamp":"2022-01-23T23:21:40.435Z"}
info: /api/movies/getMoviesByKey?key=bri%20squ {"timestamp":"2022-01-23T23:21:40.642Z"}
info: /api/movies/getMoviesByKey?key=bri%20sq {"timestamp":"2022-01-23T23:21:40.853Z"}
info: /api/movies/getMoviesByKey?key=bri%20s {"timestamp":"2022-01-23T23:21:41.048Z"}
info: /api/movies/getMoviesByKey?key=bri {"timestamp":"2022-01-23T23:21:41.225Z"}
info: /api/movies/getMoviesByKey?key=carpets%20in%20bri-nylon {"timestamp":"2022-01-23T23:21:43.806Z"}
info: /api/movies/getMoviesByKey?key=carpets%20in%20bri-nylo {"timestamp":"2022-01-23T23:21:48.753Z"}
info: /api/movies/getMoviesByKey?key=carpets%20in%20bri-nyl {"timestamp":"2022-01-23T23:21:48.944Z"}
info: /api/movies/getMoviesByKey?key=carpets%20in%20bri-ny {"timestamp":"2022-01-23T23:21:49.275Z"}
info: /api/movies/getMoviesByKey?key=carpets%20in%20bri-n {"timestamp":"2022-01-23T23:21:49.484Z"}
info: /api/movies/getMoviesByKey?key=carpets%20in%20bri- {"timestamp":"2022-01-23T23:21:49.695Z"}
info: /api/movies/getMoviesByKey?key=carpets%20in%20bri {"timestamp":"2022-01-23T23:21:50.467Z"}
info: /api/movies/getMoviesByKey?key=carpets%20in%20br {"timestamp":"2022-01-23T23:21:50.966Z"}
info: /api/movies/getMoviesByKey?key=carpets%20in%20b {"timestamp":"2022-01-23T23:21:51.050Z"}
info: /api/movies/getMoviesByKey?key=carpets%20in {"timestamp":"2022-01-23T23:21:51.130Z"}
info: /api/movies/getMoviesByKey?key=carpets%20i {"timestamp":"2022-01-23T23:21:51.301Z"}
info: /api/movies/getMoviesByKey?key=carpets {"timestamp":"2022-01-23T23:21:51.384Z"}
info: /api/movies/getMoviesByKey?key=carpets%20in {"timestamp":"2022-01-23T23:21:51.457Z"}
info: /api/movies/getMoviesByKey?key=carpet {"timestamp":"2022-01-23T23:21:51.553Z"}
info: /api/movies/getMoviesByKey?key=carpets {"timestamp":"2022-01-23T23:21:51.791Z"}
info: /api/movies/getMoviesByKey?key=carpe {"timestamp":"2022-01-23T23:21:51.915Z"}
info: /api/movies/getMoviesByKey?key=carpe%20diem:%20european%20escapade {"timestamp":"2022-01-23T23:21:57.414Z"}
info: /api/movies/getMoviesByKey?key=carpe%20diem:%20european%20escpade {"timestamp":"2022-01-23T23:22:30.122Z"}
info: /api/movies/getMoviesByKey?key=carpe%20diem:%20european%20espade {"timestamp":"2022-01-23T23:22:30.624Z"}
info: /api/movies/getMoviesByKey?key=carpe%20diem:%20european%20epade {"timestamp":"2022-01-23T23:22:30.705Z"}
info: /api/movies/getMoviesByKey?key=carpe%20diem:%20european%20pade {"timestamp":"2022-01-23T23:22:30.788Z"}
info: /api/movies/getMoviesByKey?key=carpe%20diem:%20europeanpade {"timestamp":"2022-01-23T23:22:30.870Z"}
info: /api/movies/getMoviesByKey?key=carpe%20diem:%20europeapade {"timestamp":"2022-01-23T23:22:30.955Z"}
info: /api/movies/getMoviesByKey?key=carpe%20diem:%20europepade {"timestamp":"2022-01-23T23:22:31.037Z"}
info: /api/movies/getMoviesByKey?key=carpe%20diem:%20europpade {"timestamp":"2022-01-23T23:22:31.123Z"}
info: /api/movies/getMoviesByKey?key=carpe%20diem:%20europade {"timestamp":"2022-01-23T23:22:31.204Z"}
info: /api/movies/getMoviesByKey?key=carpe%20diem:%20eurpade {"timestamp":"2022-01-23T23:22:31.292Z"}
info: /api/movies/getMoviesByKey?key=carpe%20diem:%20eupade {"timestamp":"2022-01-23T23:22:31.374Z"}
info: /api/movies/getMoviesByKey?key=carpe%20diem:%20epade {"timestamp":"2022-01-23T23:22:31.457Z"}
info: /api/movies/getMoviesByKey?key=carpe%20diem:%20pade {"timestamp":"2022-01-23T23:22:31.539Z"}
info: /api/movies/getMoviesByKey?key=carpe%20diem:pade {"timestamp":"2022-01-23T23:22:31.626Z"}
info: /api/movies/getMoviesByKey?key=carpe%20diempade {"timestamp":"2022-01-23T23:22:31.709Z"}
info: /api/movies/getMoviesByKey?key=carpe%20diepade {"timestamp":"2022-01-23T23:22:31.794Z"}
info: /api/movies/getMoviesByKey?key=carpe%20dipade {"timestamp":"2022-01-23T23:22:31.876Z"}
info: /api/movies/getMoviesByKey?key=carpe%20dpade {"timestamp":"2022-01-23T23:22:31.960Z"}
info: /api/movies/getMoviesByKey?key=carpe%20pade {"timestamp":"2022-01-23T23:22:32.044Z"}
info: /api/movies/getMoviesByKey?key=carpepade {"timestamp":"2022-01-23T23:22:32.128Z"}
info: /api/movies/getMoviesByKey?key=carppade {"timestamp":"2022-01-23T23:22:32.214Z"}
info: /api/movies/getMoviesByKey?key=carpade {"timestamp":"2022-01-23T23:22:32.296Z"}
info: /api/movies/getMoviesByKey?key=capade {"timestamp":"2022-01-23T23:22:32.380Z"}
info: /api/movies/getMoviesByKey?key=cpade {"timestamp":"2022-01-23T23:22:32.465Z"}
info: /api/movies/getMoviesByKey?key=pade {"timestamp":"2022-01-23T23:22:32.548Z"}
info: /api/movies/getMoviesByKey?key= {"timestamp":"2022-01-23T23:22:35.498Z"}
info: /api/movies/getMoviesByKey?key=s {"timestamp":"2022-01-23T23:22:51.320Z"}
info: /api/movies/getMoviesByKey?key= {"timestamp":"2022-01-23T23:22:51.996Z"}
info: /api/movies/getMoviesByKey?key=b {"timestamp":"2022-01-23T23:24:38.484Z"}
info: /api/movies/getMoviesByKey?key=br {"timestamp":"2022-01-23T23:24:38.666Z"}
info: /api/movies/getMoviesByKey?key=bri {"timestamp":"2022-01-23T23:24:39.447Z"}
info: /api/movies/getMoviesByKey?key=brid {"timestamp":"2022-01-23T23:24:40.224Z"}
info: /api/movies/getMoviesByKey?key=bri {"timestamp":"2022-01-23T23:24:41.047Z"}
info: /api/movies/getMoviesByKey?key=bri%20squared {"timestamp":"2022-01-23T23:24:43.242Z"}
info: /api/movies/getMoviesByKey?key=bri%20square {"timestamp":"2022-01-23T23:24:44.341Z"}
info: /api/movies/getMoviesByKey?key=bri%20squar {"timestamp":"2022-01-23T23:24:44.512Z"}
info: /api/movies/getMoviesByKey?key=bri%20squa {"timestamp":"2022-01-23T23:24:44.858Z"}
info: /api/movies/getMoviesByKey?key=bri%20squ {"timestamp":"2022-01-23T23:24:45.043Z"}
info: /api/movies/getMoviesByKey?key=bri%20sq {"timestamp":"2022-01-23T23:24:45.178Z"}
info: /api/movies/getMoviesByKey?key=bri%20s {"timestamp":"2022-01-23T23:24:45.330Z"}
info: /api/movies/getMoviesByKey?key=bri {"timestamp":"2022-01-23T23:24:45.457Z"}
info: /api/movies/getMoviesByKey?key=bri {"timestamp":"2022-01-23T23:24:45.639Z"}
info: /api/movies/getMoviesByKey?key=br {"timestamp":"2022-01-23T23:24:46.077Z"}
info: /api/movies/getMoviesByKey?key=b {"timestamp":"2022-01-23T23:24:46.378Z"}
info: /api/movies/getMoviesByKey?key= {"timestamp":"2022-01-23T23:24:46.715Z"}
info: /api/movies/getMoviesByKey?key=f {"timestamp":"2022-01-23T23:24:47.693Z"}
info: /api/movies/getMoviesByKey?key=fd {"timestamp":"2022-01-23T23:24:47.871Z"}
info: /api/movies/getMoviesByKey?key=fdf {"timestamp":"2022-01-23T23:24:48.164Z"}
info: /api/movies/getMoviesByKey?key=fdfd {"timestamp":"2022-01-23T23:24:48.585Z"}
info: /api/movies/getMoviesByKey?key=fdfdf {"timestamp":"2022-01-23T23:24:48.683Z"}
info: /api/movies/getMoviesByKey?key=fdfd {"timestamp":"2022-01-23T23:24:49.527Z"}
info: /api/movies/getMoviesByKey?key=fdfdf {"timestamp":"2022-01-23T23:24:50.330Z"}
info: /api/movies/getMoviesByKey?key=fdfd {"timestamp":"2022-01-23T23:24:50.770Z"}
info: /api/movies/getMoviesByKey?key=fdf {"timestamp":"2022-01-23T23:24:50.943Z"}
info: /api/movies/getMoviesByKey?key=landsforeningen%20f.d.f.%20marselisborglejren%201926 {"timestamp":"2022-01-23T23:24:56.840Z"}
info: /api/movies/getMoviesByKey?key= {"timestamp":"2022-01-23T23:24:59.100Z"}
info: /api/movies/getMoviesByKey?key=\ {"timestamp":"2022-01-23T23:25:00.166Z"}
info: /api/movies/getMoviesByKey?key=\g {"timestamp":"2022-01-23T23:25:00.481Z"}
info: /api/movies/getMoviesByKey?key=\ {"timestamp":"2022-01-23T23:25:01.615Z"}
info: /api/movies/getMoviesByKey?key= {"timestamp":"2022-01-23T23:25:01.848Z"}
info: /api/movies/getMoviesByKey?key=g {"timestamp":"2022-01-23T23:25:02.481Z"}
info: /api/movies/getMoviesByKey?key=go {"timestamp":"2022-01-23T23:25:02.796Z"}
info: /api/movies/getMoviesByKey?key=gol {"timestamp":"2022-01-23T23:25:03.012Z"}
info: /api/movies/getMoviesByKey?key=golf {"timestamp":"2022-01-23T23:25:03.234Z"}
info: /api/movies/getMoviesByKey?key=the%20golf%20specialist {"timestamp":"2022-01-23T23:25:05.598Z"}
info: /api/movies/getMoviesByKey?key=b {"timestamp":"2022-01-23T23:37:38.652Z"}
info: /api/movies/getMoviesByKey?key=br {"timestamp":"2022-01-23T23:37:38.868Z"}
info: /api/movies/getMoviesByKey?key=bri {"timestamp":"2022-01-23T23:37:39.137Z"}
info: /api/movies/getMoviesByKey?key=bri%20squared {"timestamp":"2022-01-23T23:37:42.742Z"}
info: /api/movies/getMoviesByKey?key=bri%20square {"timestamp":"2022-01-23T23:38:01.965Z"}
info: /api/movies/getMoviesByKey?key=bri%20squar {"timestamp":"2022-01-23T23:38:02.276Z"}
info: /api/movies/getMoviesByKey?key=bri%20squa {"timestamp":"2022-01-23T23:38:02.604Z"}
info: /api/movies/getMoviesByKey?key=bri%20squ {"timestamp":"2022-01-23T23:38:02.837Z"}
info: /api/movies/getMoviesByKey?key=bri%20sq {"timestamp":"2022-01-23T23:38:02.997Z"}
info: /api/movies/getMoviesByKey?key=bri%20s {"timestamp":"2022-01-23T23:38:03.166Z"}
info: /api/movies/getMoviesByKey?key=bri {"timestamp":"2022-01-23T23:38:03.461Z"}
info: /api/movies/getMoviesByKey?key=bri {"timestamp":"2022-01-23T23:38:06.841Z"}
info: /api/movies/getMoviesByKey?key=br {"timestamp":"2022-01-23T23:38:08.001Z"}
info: /api/movies/getMoviesByKey?key=bri {"timestamp":"2022-01-23T23:38:09.642Z"}
info: /api/movies/getMoviesByKey?key=d {"timestamp":"2022-01-23T23:42:12.520Z"}
info: /api/movies/getMoviesByKey?key= {"timestamp":"2022-01-23T23:42:13.441Z"}
info: /api/movies/getMoviesByKey?key=b {"timestamp":"2022-01-23T23:42:13.984Z"}
info: /api/movies/getMoviesByKey?key=br {"timestamp":"2022-01-23T23:42:14.201Z"}
info: /api/movies/getMoviesByKey?key=bri {"timestamp":"2022-01-23T23:42:14.607Z"}
info: /api/movies/getMoviesByKey?key=b {"timestamp":"2022-01-23T23:42:57.218Z"}
info: /api/movies/getMoviesByKey?key=br {"timestamp":"2022-01-23T23:42:57.431Z"}
info: /api/movies/getMoviesByKey?key=bri {"timestamp":"2022-01-23T23:42:57.659Z"}
info: /api/movies/getMoviesByKey?key=brig {"timestamp":"2022-01-23T23:42:58.107Z"}
info: /api/movies/getMoviesByKey?key=bri {"timestamp":"2022-01-23T23:42:58.770Z"}
info: /api/movies/getMoviesByKey?key=brif {"timestamp":"2022-01-23T23:42:59.638Z"}
info: /api/movies/getMoviesByKey?key=bri {"timestamp":"2022-01-23T23:43:00.587Z"}
info: /api/movies/getMoviesByKey?key=brid {"timestamp":"2022-01-23T23:43:03.357Z"}
info: /api/movies/getMoviesByKey?key=bridg {"timestamp":"2022-01-23T23:43:04.850Z"}
info: /api/movies/getMoviesByKey?key=brid {"timestamp":"2022-01-23T23:43:05.803Z"}
info: /api/movies/getMoviesByKey?key=bri {"timestamp":"2022-01-23T23:43:05.988Z"}
info: /api/movies/getMoviesByKey?key=br {"timestamp":"2022-01-23T23:43:06.126Z"}
info: /api/movies/getMoviesByKey?key=b {"timestamp":"2022-01-23T23:43:06.755Z"}
info: /api/movies/getMoviesByKey?key= {"timestamp":"2022-01-23T23:43:06.932Z"}
info: /api/movies/getMoviesByKey?key=b {"timestamp":"2022-01-23T23:43:07.728Z"}
info: /api/movies/getMoviesByKey?key=br {"timestamp":"2022-01-23T23:43:07.941Z"}
info: /api/movies/getMoviesByKey?key=bri {"timestamp":"2022-01-23T23:43:08.184Z"}
info: /api/movies/getMoviesByKey?key=b {"timestamp":"2022-01-23T23:44:51.831Z"}
info: /api/movies/getMoviesByKey?key=br {"timestamp":"2022-01-23T23:44:52.065Z"}
info: /api/movies/getMoviesByKey?key=bri {"timestamp":"2022-01-23T23:44:52.278Z"}
info: /api/movies/getMoviesByKey?key=brid {"timestamp":"2022-01-23T23:44:52.678Z"}
info: /api/movies/getMoviesByKey?key=bri {"timestamp":"2022-01-23T23:44:53.698Z"}
info: /api/movies/getMoviesByKey?key=b {"timestamp":"2022-01-23T23:48:17.908Z"}
info: /api/movies/getMoviesByKey?key=br {"timestamp":"2022-01-23T23:48:18.295Z"}
info: /api/movies/getMoviesByKey?key=bri {"timestamp":"2022-01-23T23:48:18.571Z"}
info: /api/movies/getMoviesByKey?key=brid {"timestamp":"2022-01-23T23:48:20.419Z"}
info: /api/movies/getMoviesByKey?key=bridg {"timestamp":"2022-01-23T23:48:20.751Z"}
info: /api/movies/getMoviesByKey?key=brid {"timestamp":"2022-01-23T23:48:21.462Z"}
info: /api/movies/getMoviesByKey?key=bri {"timestamp":"2022-01-23T23:48:22.267Z"}
info: /api/movies/getMoviesByKey?key=bri%20squared {"timestamp":"2022-01-23T23:49:31.628Z"}
info: /api/movies/getMoviesByKey?key=bri%20square {"timestamp":"2022-01-23T23:49:33.776Z"}
info: /api/movies/getMoviesByKey?key=bri%20squar {"timestamp":"2022-01-23T23:49:33.958Z"}
info: /api/movies/getMoviesByKey?key=bri%20squa {"timestamp":"2022-01-23T23:49:34.107Z"}
info: /api/movies/getMoviesByKey?key=bri%20squ {"timestamp":"2022-01-23T23:49:34.267Z"}
info: /api/movies/getMoviesByKey?key=bri%20sq {"timestamp":"2022-01-23T23:49:34.430Z"}
info: /api/movies/getMoviesByKey?key=bri%20s {"timestamp":"2022-01-23T23:49:34.595Z"}
info: /api/movies/getMoviesByKey?key=bri {"timestamp":"2022-01-23T23:49:34.770Z"}
info: /api/movies/getMoviesByKey?key=bri {"timestamp":"2022-01-23T23:49:49.242Z"}
info: /api/movies/getMoviesByKey?key=br {"timestamp":"2022-01-23T23:49:49.438Z"}
info: /api/movies/getMoviesByKey?key=b {"timestamp":"2022-01-23T23:49:49.601Z"}
info: /api/movies/getMoviesByKey?key= {"timestamp":"2022-01-23T23:49:49.931Z"}
info: /api/movies/getMoviesByKey?key=c {"timestamp":"2022-01-23T23:49:50.570Z"}
info: /api/movies/getMoviesByKey?key=ca {"timestamp":"2022-01-23T23:49:50.794Z"}
info: /api/movies/getMoviesByKey?key=cap {"timestamp":"2022-01-23T23:49:51.000Z"}
info: /api/movies/getMoviesByKey?key=b {"timestamp":"2022-01-23T23:53:42.984Z"}
info: /api/movies/getMoviesByKey?key=br {"timestamp":"2022-01-23T23:53:43.278Z"}
info: /api/movies/getMoviesByKey?key=bri {"timestamp":"2022-01-23T23:53:43.568Z"}
info: /api/movies/getMoviesByKey?key=brid {"timestamp":"2022-01-23T23:53:45.594Z"}
info: /api/movies/getMoviesByKey?key=bri {"timestamp":"2022-01-23T23:53:46.627Z"}
info: /api/movies/getMoviesByKey?key=b {"timestamp":"2022-01-23T23:54:28.010Z"}
info: /api/movies/getMoviesByKey?key=br {"timestamp":"2022-01-23T23:54:28.208Z"}
info: /api/movies/getMoviesByKey?key=bro {"timestamp":"2022-01-23T23:54:28.571Z"}
info: /api/movies/getMoviesByKey?key=br {"timestamp":"2022-01-23T23:54:29.607Z"}
info: /api/movies/getMoviesByKey?key=bri {"timestamp":"2022-01-23T23:54:30.279Z"}
info: /api/movies/getMoviesByKey?key=brid {"timestamp":"2022-01-23T23:54:30.787Z"}
info: /api/movies/getMoviesByKey?key=bri {"timestamp":"2022-01-23T23:54:31.772Z"}
info: /api/movies/getMoviesByKey?key=b {"timestamp":"2022-01-23T23:58:08.788Z"}
info: /api/movies/getMoviesByKey?key=br {"timestamp":"2022-01-23T23:58:08.930Z"}
info: /api/movies/getMoviesByKey?key=bri {"timestamp":"2022-01-23T23:58:09.117Z"}
info: /api/movies/getMoviesByKey?key=d {"timestamp":"2022-01-24T00:00:40.693Z"}
info: /api/movies/getMoviesByKey?key=dd {"timestamp":"2022-01-24T00:00:41.086Z"}
info: /api/movies/getMoviesByKey?key=ddd {"timestamp":"2022-01-24T00:00:41.472Z"}
info: /api/movies/getMoviesByKey?key=dddd {"timestamp":"2022-01-24T00:00:41.821Z"}
info: /api/movies/getMoviesByKey?key=ddd {"timestamp":"2022-01-24T00:00:43.482Z"}
info: /api/movies/getMoviesByKey?key=dd {"timestamp":"2022-01-24T00:00:43.696Z"}
info: /api/movies/getMoviesByKey?key=d {"timestamp":"2022-01-24T00:00:44.112Z"}
info: /api/movies/getMoviesByKey?key= {"timestamp":"2022-01-24T00:00:44.266Z"}
info: /api/movies/getMoviesByKey?key=b {"timestamp":"2022-01-24T00:01:17.399Z"}
info: /api/movies/getMoviesByKey?key=br {"timestamp":"2022-01-24T00:01:17.775Z"}
info: /api/movies/getMoviesByKey?key=b {"timestamp":"2022-01-24T00:04:48.385Z"}
info: /api/movies/getMoviesByKey?key=d {"timestamp":"2022-01-24T00:05:22.685Z"}
info: /api/movies/getMoviesByKey?key=df {"timestamp":"2022-01-24T00:05:23.102Z"}
info: /api/movies/getMoviesByKey?key=d {"timestamp":"2022-01-24T00:05:24.038Z"}
info: /api/movies/getMoviesByKey?key= {"timestamp":"2022-01-24T00:05:24.237Z"}
info: /api/movies/getMoviesByKey?key=b {"timestamp":"2022-01-24T00:06:56.837Z"}
info: /api/movies/getMoviesByKey?key=br {"timestamp":"2022-01-24T00:06:57.329Z"}
info: /api/movies/getMoviesByKey?key=bri {"timestamp":"2022-01-24T00:06:58.059Z"}
info: /api/movies/getMoviesByKey?key=b {"timestamp":"2022-01-24T00:09:17.173Z"}
info: /api/movies/getMoviesByKey?key=br {"timestamp":"2022-01-24T00:09:17.380Z"}
info: /api/movies/getMoviesByKey?key=bri {"timestamp":"2022-01-24T00:09:17.618Z"}
info: /api/movies/getMoviesByKey?key=b {"timestamp":"2022-01-24T00:09:40.533Z"}
info: /api/movies/getMoviesByKey?key=br {"timestamp":"2022-01-24T00:09:40.749Z"}
info: /api/movies/getMoviesByKey?key=bri {"timestamp":"2022-01-24T00:09:41.069Z"}
info: /api/movies/getMoviesByKey?key=b {"timestamp":"2022-01-24T00:12:54.975Z"}
info: /api/movies/getMoviesByKey?key=br {"timestamp":"2022-01-24T00:12:55.217Z"}
info: /api/movies/getMoviesByKey?key=bri {"timestamp":"2022-01-24T00:12:55.654Z"}
info: /api/movies/getMoviesByKey?key=b {"timestamp":"2022-01-24T00:14:29.343Z"}
info: /api/movies/getMoviesByKey?key=br {"timestamp":"2022-01-24T00:14:29.585Z"}
info: /api/movies/getMoviesByKey?key=bri {"timestamp":"2022-01-24T00:14:29.799Z"}
info: /api/movies/getMoviesByKey?key=brif {"timestamp":"2022-01-24T00:14:30.052Z"}
info: /api/movies/getMoviesByKey?key=bri {"timestamp":"2022-01-24T00:14:30.935Z"}
info: /api/movies/getMoviesByKey?key=b {"timestamp":"2022-01-24T00:15:12.061Z"}
info: /api/movies/getMoviesByKey?key=br {"timestamp":"2022-01-24T00:15:12.254Z"}
info: /api/movies/getMoviesByKey?key=bri {"timestamp":"2022-01-24T00:15:12.550Z"}
info: /api/movies/getMoviesByKey?key=bri%20life:%20second%20chance {"timestamp":"2022-01-24T00:15:30.768Z"}
info: /api/movies/getMoviesByKey?key=bri%20life:%20second%20chanc {"timestamp":"2022-01-24T00:15:34.948Z"}
info: /api/movies/getMoviesByKey?key=bri%20life:%20second%20chan {"timestamp":"2022-01-24T00:15:35.446Z"}
info: /api/movies/getMoviesByKey?key=bri%20life:%20second%20cha {"timestamp":"2022-01-24T00:15:35.532Z"}
info: /api/movies/getMoviesByKey?key=bri%20life:%20second%20ch {"timestamp":"2022-01-24T00:15:35.616Z"}
info: /api/movies/getMoviesByKey?key=bri%20life:%20second%20c {"timestamp":"2022-01-24T00:15:35.700Z"}
info: /api/movies/getMoviesByKey?key=bri%20life:%20second {"timestamp":"2022-01-24T00:15:35.785Z"}
info: /api/movies/getMoviesByKey?key=bri%20life:%20secon {"timestamp":"2022-01-24T00:15:35.952Z"}
info: /api/movies/getMoviesByKey?key=bri%20life:%20seco {"timestamp":"2022-01-24T00:15:36.034Z"}
info: /api/movies/getMoviesByKey?key=bri%20life:%20second {"timestamp":"2022-01-24T00:15:36.097Z"}
info: /api/movies/getMoviesByKey?key=bri%20life:%20sec {"timestamp":"2022-01-24T00:15:36.119Z"}
info: /api/movies/getMoviesByKey?key=bri%20life:%20se {"timestamp":"2022-01-24T00:15:36.203Z"}
info: /api/movies/getMoviesByKey?key=bri%20life:%20s {"timestamp":"2022-01-24T00:15:36.285Z"}
info: /api/movies/getMoviesByKey?key=bri%20life: {"timestamp":"2022-01-24T00:15:36.781Z"}
info: /api/movies/getMoviesByKey?key=bri%20life: {"timestamp":"2022-01-24T00:15:37.202Z"}
info: /api/movies/getMoviesByKey?key=bri%20life {"timestamp":"2022-01-24T00:15:37.610Z"}
info: /api/movies/getMoviesByKey?key=bri%20lif {"timestamp":"2022-01-24T00:15:37.920Z"}
info: /api/movies/getMoviesByKey?key=bri%20li {"timestamp":"2022-01-24T00:15:38.141Z"}
info: /api/movies/getMoviesByKey?key=bri%20l {"timestamp":"2022-01-24T00:15:38.323Z"}
info: /api/movies/getMoviesByKey?key=bri {"timestamp":"2022-01-24T00:15:38.599Z"}
info: /api/movies/getMoviesByKey?key=bri {"timestamp":"2022-01-24T00:15:38.869Z"}
info: /api/movies/getMoviesByKey?key=br {"timestamp":"2022-01-24T00:15:39.379Z"}
info: /api/movies/getMoviesByKey?key=b {"timestamp":"2022-01-24T00:15:40.384Z"}
info: /api/movies/getMoviesByKey?key= {"timestamp":"2022-01-24T00:15:41.419Z"}
info: /api/movies/getMoviesByKey?key=b {"timestamp":"2022-01-24T00:15:42.399Z"}
info: /api/movies/getMoviesByKey?key=br {"timestamp":"2022-01-24T00:15:42.718Z"}
info: /api/movies/getMoviesByKey?key=bri {"timestamp":"2022-01-24T00:15:43.948Z"}
info: /api/movies/getMoviesByKey?key=louey%20&%20bri%20tv {"timestamp":"2022-01-24T00:15:48.390Z"}
info: /api/movies/getMoviesByKey?key=louey%20&%20bri%20t {"timestamp":"2022-01-24T00:15:51.953Z"}
info: /api/movies/getMoviesByKey?key=louey%20&%20bri {"timestamp":"2022-01-24T00:15:52.355Z"}
info: /api/movies/getMoviesByKey?key=louey%20&%20bri {"timestamp":"2022-01-24T00:15:52.668Z"}
info: /api/movies/getMoviesByKey?key=louey%20&%20br {"timestamp":"2022-01-24T00:15:52.869Z"}
info: /api/movies/getMoviesByKey?key=louey%20&%20b {"timestamp":"2022-01-24T00:15:53.017Z"}
info: /api/movies/getMoviesByKey?key=louey%20& {"timestamp":"2022-01-24T00:15:53.185Z"}
info: /api/movies/getMoviesByKey?key=louey%20& {"timestamp":"2022-01-24T00:15:53.401Z"}
info: /api/movies/getMoviesByKey?key=louey {"timestamp":"2022-01-24T00:15:53.635Z"}
info: /api/movies/getMoviesByKey?key=louey {"timestamp":"2022-01-24T00:15:53.995Z"}
info: /api/movies/getMoviesByKey?key=loue {"timestamp":"2022-01-24T00:15:54.219Z"}
info: /api/movies/getMoviesByKey?key=lou {"timestamp":"2022-01-24T00:15:55.501Z"}
info: /api/movies/getMoviesByKey?key=lo {"timestamp":"2022-01-24T00:15:55.709Z"}
info: /api/movies/getMoviesByKey?key=l {"timestamp":"2022-01-24T00:15:55.943Z"}
info: /api/movies/getMoviesByKey?key= {"timestamp":"2022-01-24T00:15:56.576Z"}
info: /api/movies/getMoviesByKey?key=l {"timestamp":"2022-01-24T00:15:58.233Z"}
info: /api/movies/getMoviesByKey?key=lo {"timestamp":"2022-01-24T00:15:58.587Z"}
info: /api/movies/getMoviesByKey?key=lov {"timestamp":"2022-01-24T00:15:59.029Z"}
info: /api/movies/getMoviesByKey?key=f%C3%A5r%20jag%20lov,%20magistern! {"timestamp":"2022-01-24T00:16:01.627Z"}
error: uncaughtException: Unexpected token < in JSON at position 0
SyntaxError: Unexpected token < in JSON at position 0
    at JSON.parse (<anonymous>)
    at Request._callback (/Users/x001123/Documents/movie-app/server/routes/api/movies.js:24:22)
    at Request.self.callback (/Users/x001123/node_modules/request/request.js:185:22)
    at Request.emit (events.js:400:28)
    at Request.<anonymous> (/Users/x001123/node_modules/request/request.js:1154:10)
    at Request.emit (events.js:400:28)
    at IncomingMessage.<anonymous> (/Users/x001123/node_modules/request/request.js:1076:12)
    at Object.onceWrapper (events.js:519:28)
    at IncomingMessage.emit (events.js:412:35)
    at endReadableNT (internal/streams/readable.js:1334:12) {"error":{},"stack":"SyntaxError: Unexpected token < in JSON at position 0\n    at JSON.parse (<anonymous>)\n    at Request._callback (/Users/x001123/Documents/movie-app/server/routes/api/movies.js:24:22)\n    at Request.self.callback (/Users/x001123/node_modules/request/request.js:185:22)\n    at Request.emit (events.js:400:28)\n    at Request.<anonymous> (/Users/x001123/node_modules/request/request.js:1154:10)\n    at Request.emit (events.js:400:28)\n    at IncomingMessage.<anonymous> (/Users/x001123/node_modules/request/request.js:1076:12)\n    at Object.onceWrapper (events.js:519:28)\n    at IncomingMessage.emit (events.js:412:35)\n    at endReadableNT (internal/streams/readable.js:1334:12)","exception":true,"date":"Mon Jan 24 2022 01:16:01 GMT+0100 (Central European Standard Time)","process":{"pid":9578,"uid":503,"gid":20,"cwd":"/Users/x001123/Documents/movie-app","execPath":"/Users/x001123/.nvm/versions/node/v14.18.2/bin/node","version":"v14.18.2","argv":["/Users/x001123/.nvm/versions/node/v14.18.2/bin/node","/Users/x001123/Documents/movie-app/server/index.js"],"memoryUsage":{"rss":32235520,"heapTotal":21356544,"heapUsed":20449344,"external":1715609,"arrayBuffers":105656}},"os":{"loadavg":[1.78759765625,2.58984375,2.71044921875],"uptime":12729},"trace":[{"column":null,"file":null,"function":"JSON.parse","line":null,"method":"parse","native":false},{"column":22,"file":"/Users/x001123/Documents/movie-app/server/routes/api/movies.js","function":"Request._callback","line":24,"method":"_callback","native":false},{"column":22,"file":"/Users/x001123/node_modules/request/request.js","function":"Request.self.callback","line":185,"method":"callback","native":false},{"column":28,"file":"events.js","function":"Request.emit","line":400,"method":"emit","native":false},{"column":10,"file":"/Users/x001123/node_modules/request/request.js","function":null,"line":1154,"method":null,"native":false},{"column":28,"file":"events.js","function":"Request.emit","line":400,"method":"emit","native":false},{"column":12,"file":"/Users/x001123/node_modules/request/request.js","function":null,"line":1076,"method":null,"native":false},{"column":28,"file":"events.js","function":"Object.onceWrapper","line":519,"method":"onceWrapper","native":false},{"column":35,"file":"events.js","function":"IncomingMessage.emit","line":412,"method":"emit","native":false},{"column":12,"file":"internal/streams/readable.js","function":"endReadableNT","line":1334,"method":null,"native":false}],"timestamp":"2022-01-24T00:16:01.715Z"}
